Detecting CXX [] compiler features failed to compile with the following output:
Change Dir: C:/Filters/build/tmp/CMakeFiles/CMakeTmp

Run Build Command:"C:/Program Files (x86)/Microsoft Visual Studio/2017/Professional/MSBuild/15.0/Bin/MSBuild.exe" "cmTC_65604.vcxproj" "/p:Configuration=Debug" "/p:VisualStudioVersion=15.0"
Microsoft (R) Build Engine version 15.9.21+g9802d43bc3 for .NET Framework
Copyright (C) Microsoft Corporation. All rights reserved.

Build started 18.11.2020 18:12:58.
Project "C:\Filters\build\tmp\CMakeFiles\CMakeTmp\cmTC_65604.vcxproj" on node 1 (default targets).
PrepareForBuild:
  Creating directory "cmTC_65604.dir\Debug\".
  Creating directory "C:\Filters\build\tmp\CMakeFiles\CMakeTmp\Debug\".
  Creating directory "cmTC_65604.dir\Debug\cmTC_65604.tlog\".
InitializeBuildStatus:
  Creating "cmTC_65604.dir\Debug\cmTC_65604.tlog\unsuccessfulbuild" because "AlwaysCreate" was specified.
ClCompile:
  C:\Program Files (x86)\Microsoft Visual Studio\2017\Professional\VC\Tools\MSVC\14.16.27023\bin\HostX86\x86\CL.exe /c /Zi /W3 /WX- /diagnostics:classic /Od /Ob0 /Oy- /D WIN32 /D _WINDOWS /D "CMAKE_INTDIR=\"Debug\"" /D _MBCS /Gm- /EHsc /RTC1 /MDd /GS /fp:precise /Zc:wchar_t /Zc:forScope /Zc:inline /GR /Fo"cmTC_65604.dir\Debug\\" /Fd"cmTC_65604.dir\Debug\vc141.pdb" /Gd /TP /analyze- /FC /errorReport:queue C:\Filters\build\tmp\CMakeFiles\feature_tests.cxx
  Microsoft (R) C/C++ Optimizing Compiler Version 19.16.27043 for x86
  Copyright (C) Microsoft Corporation.  All rights reserved.
  
  cl /c /Zi /W3 /WX- /diagnostics:classic /Od /Ob0 /Oy- /D WIN32 /D _WINDOWS /D "CMAKE_INTDIR=\"Debug\"" /D _MBCS /Gm- /EHsc /RTC1 /MDd /GS /fp:precise /Zc:wchar_t /Zc:forScope /Zc:inline /GR /Fo"cmTC_65604.dir\Debug\\" /Fd"cmTC_65604.dir\Debug\vc141.pdb" /Gd /TP /analyze- /FC /errorReport:queue C:\Filters\build\tmp\CMakeFiles\feature_tests.cxx
  feature_tests.cxx
  
Link:
  C:\Program Files (x86)\Microsoft Visual Studio\2017\Professional\VC\Tools\MSVC\14.16.27023\bin\HostX86\x86\link.exe /ERRORREPORT:QUEUE /OUT:"C:\Filters\build\tmp\CMakeFiles\CMakeTmp\Debug\cmTC_65604.exe" /INCREMENTAL /NOLOGO kernel32.lib user32.lib gdi32.lib winspool.lib shell32.lib ole32.lib oleaut32.lib uuid.lib comdlg32.lib advapi32.lib /MANIFEST /MANIFESTUAC:"level='asInvoker' uiAccess='false'" /manifest:embed /DEBUG /PDB:"C:/Filters/build/tmp/CMakeFiles/CMakeTmp/Debug/cmTC_65604.pdb" /SUBSYSTEM:CONSOLE /TLBID:1 /DYNAMICBASE /NXCOMPAT /IMPLIB:"C:/Filters/build/tmp/CMakeFiles/CMakeTmp/Debug/cmTC_65604.lib" /MACHINE:X86 /SAFESEH  /machine:X86 cmTC_65604.dir\Debug\feature_tests.obj
LINK : fatal error LNK1158: cannot run 'C:\Program Files (x86)\Microsoft Visual Studio\2017\Professional\VC\Tools\MSVC\14.16.27023\bin\HostX86\x86\cvtres.exe' [C:\Filters\build\tmp\CMakeFiles\CMakeTmp\cmTC_65604.vcxproj]
Done Building Project "C:\Filters\build\tmp\CMakeFiles\CMakeTmp\cmTC_65604.vcxproj" (default targets) -- FAILED.

Build FAILED.

"C:\Filters\build\tmp\CMakeFiles\CMakeTmp\cmTC_65604.vcxproj" (default target) (1) ->
(Link target) -> 
  LINK : fatal error LNK1158: cannot run 'C:\Program Files (x86)\Microsoft Visual Studio\2017\Professional\VC\Tools\MSVC\14.16.27023\bin\HostX86\x86\cvtres.exe' [C:\Filters\build\tmp\CMakeFiles\CMakeTmp\cmTC_65604.vcxproj]

    0 Warning(s)
    1 Error(s)

Time Elapsed 00:00:00.83



